ERROR - 2023-11-27 05:07:31 --> Error connecting to the database: mysqli_sql_exception: Unknown database 'ci4-crud' in /Applications/XAMPP/xamppfiles/htdocs/crud-ci4-pbkk/system/Database/MySQLi/Connection.php:184
Stack trace:
#0 /Applications/XAMPP/xamppfiles/htdocs/crud-ci4-pbkk/system/Database/MySQLi/Connection.php(184): mysqli->real_connect(NULL, 'root', Object(SensitiveParameterValue), 'ci4-crud', NULL, '/Applications/X...', 0)
#1 /Applications/XAMPP/xamppfiles/htdocs/crud-ci4-pbkk/system/Database/BaseConnection.php(391): CodeIgniter\Database\MySQLi\Connection->connect(false)
#2 /Applications/XAMPP/xamppfiles/htdocs/crud-ci4-pbkk/system/Database/BaseConnection.php(574): CodeIgniter\Database\BaseConnection->initialize()
#3 /Applications/XAMPP/xamppfiles/htdocs/crud-ci4-pbkk/system/Database/BaseBuilder.php(1615): CodeIgniter\Database\BaseConnection->query('SELECT *\nFROM `...', Array, false)
#4 /Applications/XAMPP/xamppfiles/htdocs/crud-ci4-pbkk/system/Model.php(237): CodeIgniter\Database\BaseBuilder->get()
#5 /Applications/XAMPP/xamppfiles/htdocs/crud-ci4-pbkk/system/BaseModel.php(624): CodeIgniter\Model->doFindAll(0, 0)
#6 /Applications/XAMPP/xamppfiles/htdocs/crud-ci4-pbkk/app/Controllers/UserCrud.php(11): CodeIgniter\BaseModel->findAll()
#7 /Applications/XAMPP/xamppfiles/htdocs/crud-ci4-pbkk/system/CodeIgniter.php(919): App\Controllers\UserCrud->index()
#8 /Applications/XAMPP/xamppfiles/htdocs/crud-ci4-pbkk/system/CodeIgniter.php(494): CodeIgniter\CodeIgniter->runController(Object(App\Controllers\UserCrud))
#9 /Applications/XAMPP/xamppfiles/htdocs/crud-ci4-pbkk/system/CodeIgniter.php(353): CodeIgniter\CodeIgniter->handleRequest(NULL, Object(Config\Cache), false)
#10 /Applications/XAMPP/xamppfiles/htdocs/crud-ci4-pbkk/public/index.php(79): CodeIgniter\CodeIgniter->run()
#11 /Applications/XAMPP/xamppfiles/htdocs/crud-ci4-pbkk/system/Commands/Server/rewrite.php(47): require_once('/Applications/X...')
#12 {main}

Next CodeIgniter\Database\Exceptions\DatabaseException: Unknown database 'ci4-crud' in /Applications/XAMPP/xamppfiles/htdocs/crud-ci4-pbkk/system/Database/MySQLi/Connection.php:229
Stack trace:
#0 /Applications/XAMPP/xamppfiles/htdocs/crud-ci4-pbkk/system/Database/BaseConnection.php(391): CodeIgniter\Database\MySQLi\Connection->connect(false)
#1 /Applications/XAMPP/xamppfiles/htdocs/crud-ci4-pbkk/system/Database/BaseConnection.php(574): CodeIgniter\Database\BaseConnection->initialize()
#2 /Applications/XAMPP/xamppfiles/htdocs/crud-ci4-pbkk/system/Database/BaseBuilder.php(1615): CodeIgniter\Database\BaseConnection->query('SELECT *\nFROM `...', Array, false)
#3 /Applications/XAMPP/xamppfiles/htdocs/crud-ci4-pbkk/system/Model.php(237): CodeIgniter\Database\BaseBuilder->get()
#4 /Applications/XAMPP/xamppfiles/htdocs/crud-ci4-pbkk/system/BaseModel.php(624): CodeIgniter\Model->doFindAll(0, 0)
#5 /Applications/XAMPP/xamppfiles/htdocs/crud-ci4-pbkk/app/Controllers/UserCrud.php(11): CodeIgniter\BaseModel->findAll()
#6 /Applications/XAMPP/xamppfiles/htdocs/crud-ci4-pbkk/system/CodeIgniter.php(919): App\Controllers\UserCrud->index()
#7 /Applications/XAMPP/xamppfiles/htdocs/crud-ci4-pbkk/system/CodeIgniter.php(494): CodeIgniter\CodeIgniter->runController(Object(App\Controllers\UserCrud))
#8 /Applications/XAMPP/xamppfiles/htdocs/crud-ci4-pbkk/system/CodeIgniter.php(353): CodeIgniter\CodeIgniter->handleRequest(NULL, Object(Config\Cache), false)
#9 /Applications/XAMPP/xamppfiles/htdocs/crud-ci4-pbkk/public/index.php(79): CodeIgniter\CodeIgniter->run()
#10 /Applications/XAMPP/xamppfiles/htdocs/crud-ci4-pbkk/system/Commands/Server/rewrite.php(47): require_once('/Applications/X...')
#11 {main}
CRITICAL - 2023-11-27 05:07:31 --> Unable to connect to the database.
Main connection [MySQLi]: Unknown database 'ci4-crud'
in SYSTEMPATH/Database/BaseConnection.php on line 427.
 1 SYSTEMPATH/Database/BaseConnection.php(574): CodeIgniter\Database\BaseConnection->initialize()
 2 SYSTEMPATH/Database/BaseBuilder.php(1615): CodeIgniter\Database\BaseConnection->query('SELECT *
FROM `users`
ORDER BY `id` DESC', [], false)
 3 SYSTEMPATH/Model.php(237): CodeIgniter\Database\BaseBuilder->get()
 4 SYSTEMPATH/BaseModel.php(624): CodeIgniter\Model->doFindAll(0, 0)
 5 APPPATH/Controllers/UserCrud.php(11): CodeIgniter\BaseModel->findAll()
 6 SYSTEMPATH/CodeIgniter.php(919): App\Controllers\UserCrud->index()
 7 SYSTEMPATH/CodeIgniter.php(494): CodeIgniter\CodeIgniter->runController(Object(App\Controllers\UserCrud))
 8 SYSTEMPATH/CodeIgniter.php(353): CodeIgniter\CodeIgniter->handleRequest(null, Object(Config\Cache), false)
 9 FCPATH/index.php(79): CodeIgniter\CodeIgniter->run()
10 SYSTEMPATH/Commands/Server/rewrite.php(47): require_once('/Applications/XAMPP/xamppfiles/htdocs/crud-ci4-pbkk/public/index.php')
ERROR - 2023-11-27 08:26:21 --> Error connecting to the database: mysqli_sql_exception: Unknown database 'ci4-crud' in /Applications/XAMPP/xamppfiles/htdocs/crud-ci4-pbkk/system/Database/MySQLi/Connection.php:184
Stack trace:
#0 /Applications/XAMPP/xamppfiles/htdocs/crud-ci4-pbkk/system/Database/MySQLi/Connection.php(184): mysqli->real_connect(NULL, 'root', Object(SensitiveParameterValue), 'ci4-crud', NULL, '/Applications/X...', 0)
#1 /Applications/XAMPP/xamppfiles/htdocs/crud-ci4-pbkk/system/Database/BaseConnection.php(391): CodeIgniter\Database\MySQLi\Connection->connect(false)
#2 /Applications/XAMPP/xamppfiles/htdocs/crud-ci4-pbkk/system/Database/BaseConnection.php(574): CodeIgniter\Database\BaseConnection->initialize()
#3 /Applications/XAMPP/xamppfiles/htdocs/crud-ci4-pbkk/system/Database/BaseBuilder.php(2308): CodeIgniter\Database\BaseConnection->query('INSERT INTO `us...', Array, false)
#4 /Applications/XAMPP/xamppfiles/htdocs/crud-ci4-pbkk/system/Model.php(319): CodeIgniter\Database\BaseBuilder->insert()
#5 /Applications/XAMPP/xamppfiles/htdocs/crud-ci4-pbkk/system/BaseModel.php(788): CodeIgniter\Model->doInsert(Array)
#6 /Applications/XAMPP/xamppfiles/htdocs/crud-ci4-pbkk/system/Model.php(715): CodeIgniter\BaseModel->insert(Array, true)
#7 /Applications/XAMPP/xamppfiles/htdocs/crud-ci4-pbkk/app/Controllers/UserCrud.php(27): CodeIgniter\Model->insert(Array)
#8 /Applications/XAMPP/xamppfiles/htdocs/crud-ci4-pbkk/system/CodeIgniter.php(919): App\Controllers\UserCrud->store()
#9 /Applications/XAMPP/xamppfiles/htdocs/crud-ci4-pbkk/system/CodeIgniter.php(494): CodeIgniter\CodeIgniter->runController(Object(App\Controllers\UserCrud))
#10 /Applications/XAMPP/xamppfiles/htdocs/crud-ci4-pbkk/system/CodeIgniter.php(353): CodeIgniter\CodeIgniter->handleRequest(NULL, Object(Config\Cache), false)
#11 /Applications/XAMPP/xamppfiles/htdocs/crud-ci4-pbkk/public/index.php(79): CodeIgniter\CodeIgniter->run()
#12 /Applications/XAMPP/xamppfiles/htdocs/crud-ci4-pbkk/system/Commands/Server/rewrite.php(47): require_once('/Applications/X...')
#13 {main}

Next CodeIgniter\Database\Exceptions\DatabaseException: Unknown database 'ci4-crud' in /Applications/XAMPP/xamppfiles/htdocs/crud-ci4-pbkk/system/Database/MySQLi/Connection.php:229
Stack trace:
#0 /Applications/XAMPP/xamppfiles/htdocs/crud-ci4-pbkk/system/Database/BaseConnection.php(391): CodeIgniter\Database\MySQLi\Connection->connect(false)
#1 /Applications/XAMPP/xamppfiles/htdocs/crud-ci4-pbkk/system/Database/BaseConnection.php(574): CodeIgniter\Database\BaseConnection->initialize()
#2 /Applications/XAMPP/xamppfiles/htdocs/crud-ci4-pbkk/system/Database/BaseBuilder.php(2308): CodeIgniter\Database\BaseConnection->query('INSERT INTO `us...', Array, false)
#3 /Applications/XAMPP/xamppfiles/htdocs/crud-ci4-pbkk/system/Model.php(319): CodeIgniter\Database\BaseBuilder->insert()
#4 /Applications/XAMPP/xamppfiles/htdocs/crud-ci4-pbkk/system/BaseModel.php(788): CodeIgniter\Model->doInsert(Array)
#5 /Applications/XAMPP/xamppfiles/htdocs/crud-ci4-pbkk/system/Model.php(715): CodeIgniter\BaseModel->insert(Array, true)
#6 /Applications/XAMPP/xamppfiles/htdocs/crud-ci4-pbkk/app/Controllers/UserCrud.php(27): CodeIgniter\Model->insert(Array)
#7 /Applications/XAMPP/xamppfiles/htdocs/crud-ci4-pbkk/system/CodeIgniter.php(919): App\Controllers\UserCrud->store()
#8 /Applications/XAMPP/xamppfiles/htdocs/crud-ci4-pbkk/system/CodeIgniter.php(494): CodeIgniter\CodeIgniter->runController(Object(App\Controllers\UserCrud))
#9 /Applications/XAMPP/xamppfiles/htdocs/crud-ci4-pbkk/system/CodeIgniter.php(353): CodeIgniter\CodeIgniter->handleRequest(NULL, Object(Config\Cache), false)
#10 /Applications/XAMPP/xamppfiles/htdocs/crud-ci4-pbkk/public/index.php(79): CodeIgniter\CodeIgniter->run()
#11 /Applications/XAMPP/xamppfiles/htdocs/crud-ci4-pbkk/system/Commands/Server/rewrite.php(47): require_once('/Applications/X...')
#12 {main}
CRITICAL - 2023-11-27 08:26:21 --> Unable to connect to the database.
Main connection [MySQLi]: Unknown database 'ci4-crud'
in SYSTEMPATH/Database/BaseConnection.php on line 427.
 1 SYSTEMPATH/Database/BaseConnection.php(574): CodeIgniter\Database\BaseConnection->initialize()
 2 SYSTEMPATH/Database/BaseBuilder.php(2308): CodeIgniter\Database\BaseConnection->query('INSERT INTO `users` (`name`, `email`) VALUES (:name:, :email:)', [...], false)
 3 SYSTEMPATH/Model.php(319): CodeIgniter\Database\BaseBuilder->insert()
 4 SYSTEMPATH/BaseModel.php(788): CodeIgniter\Model->doInsert([...])
 5 SYSTEMPATH/Model.php(715): CodeIgniter\BaseModel->insert([...], true)
 6 APPPATH/Controllers/UserCrud.php(27): CodeIgniter\Model->insert([...])
 7 SYSTEMPATH/CodeIgniter.php(919): App\Controllers\UserCrud->store()
 8 SYSTEMPATH/CodeIgniter.php(494): CodeIgniter\CodeIgniter->runController(Object(App\Controllers\UserCrud))
 9 SYSTEMPATH/CodeIgniter.php(353): CodeIgniter\CodeIgniter->handleRequest(null, Object(Config\Cache), false)
10 FCPATH/index.php(79): CodeIgniter\CodeIgniter->run()
11 SYSTEMPATH/Commands/Server/rewrite.php(47): require_once('/Applications/XAMPP/xamppfiles/htdocs/crud-ci4-pbkk/public/index.php')
ERROR - 2023-11-27 08:28:44 --> mysqli_sql_exception: Table 'ci4-crud.users' doesn't exist in /Applications/XAMPP/xamppfiles/htdocs/crud-ci4-pbkk/system/Database/MySQLi/Connection.php:306
Stack trace:
#0 /Applications/XAMPP/xamppfiles/htdocs/crud-ci4-pbkk/system/Database/MySQLi/Connection.php(306): mysqli->query('INSERT INTO `us...', 0)
#1 /Applications/XAMPP/xamppfiles/htdocs/crud-ci4-pbkk/system/Database/BaseConnection.php(692): CodeIgniter\Database\MySQLi\Connection->execute('INSERT INTO `us...')
#2 /Applications/XAMPP/xamppfiles/htdocs/crud-ci4-pbkk/system/Database/BaseConnection.php(606): CodeIgniter\Database\BaseConnection->simpleQuery('INSERT INTO `us...')
#3 /Applications/XAMPP/xamppfiles/htdocs/crud-ci4-pbkk/system/Database/BaseBuilder.php(2308): CodeIgniter\Database\BaseConnection->query('INSERT INTO `us...', Array, false)
#4 /Applications/XAMPP/xamppfiles/htdocs/crud-ci4-pbkk/system/Model.php(319): CodeIgniter\Database\BaseBuilder->insert()
#5 /Applications/XAMPP/xamppfiles/htdocs/crud-ci4-pbkk/system/BaseModel.php(788): CodeIgniter\Model->doInsert(Array)
#6 /Applications/XAMPP/xamppfiles/htdocs/crud-ci4-pbkk/system/Model.php(715): CodeIgniter\BaseModel->insert(Array, true)
#7 /Applications/XAMPP/xamppfiles/htdocs/crud-ci4-pbkk/app/Controllers/UserCrud.php(27): CodeIgniter\Model->insert(Array)
#8 /Applications/XAMPP/xamppfiles/htdocs/crud-ci4-pbkk/system/CodeIgniter.php(919): App\Controllers\UserCrud->store()
#9 /Applications/XAMPP/xamppfiles/htdocs/crud-ci4-pbkk/system/CodeIgniter.php(494): CodeIgniter\CodeIgniter->runController(Object(App\Controllers\UserCrud))
#10 /Applications/XAMPP/xamppfiles/htdocs/crud-ci4-pbkk/system/CodeIgniter.php(353): CodeIgniter\CodeIgniter->handleRequest(NULL, Object(Config\Cache), false)
#11 /Applications/XAMPP/xamppfiles/htdocs/crud-ci4-pbkk/public/index.php(79): CodeIgniter\CodeIgniter->run()
#12 /Applications/XAMPP/xamppfiles/htdocs/crud-ci4-pbkk/system/Commands/Server/rewrite.php(47): require_once('/Applications/X...')
#13 {main}
CRITICAL - 2023-11-27 08:28:45 --> Table 'ci4-crud.users' doesn't exist
in SYSTEMPATH/Database/BaseConnection.php on line 646.
 1 SYSTEMPATH/Database/BaseBuilder.php(2308): CodeIgniter\Database\BaseConnection->query('INSERT INTO `users` (`name`, `email`) VALUES (:name:, :email:)', [...], false)
 2 SYSTEMPATH/Model.php(319): CodeIgniter\Database\BaseBuilder->insert()
 3 SYSTEMPATH/BaseModel.php(788): CodeIgniter\Model->doInsert([...])
 4 SYSTEMPATH/Model.php(715): CodeIgniter\BaseModel->insert([...], true)
 5 APPPATH/Controllers/UserCrud.php(27): CodeIgniter\Model->insert([...])
 6 SYSTEMPATH/CodeIgniter.php(919): App\Controllers\UserCrud->store()
 7 SYSTEMPATH/CodeIgniter.php(494): CodeIgniter\CodeIgniter->runController(Object(App\Controllers\UserCrud))
 8 SYSTEMPATH/CodeIgniter.php(353): CodeIgniter\CodeIgniter->handleRequest(null, Object(Config\Cache), false)
 9 FCPATH/index.php(79): CodeIgniter\CodeIgniter->run()
10 SYSTEMPATH/Commands/Server/rewrite.php(47): require_once('/Applications/XAMPP/xamppfiles/htdocs/crud-ci4-pbkk/public/index.php')
